<?xml version="1.0" encoding="UTF-8"?>
<testsuite name="com.project.test.TestApplicationTests" tests="1" skipped="0" failures="0" errors="0" timestamp="2023-06-02T02:07:50" hostname="SUPER-ARCH" time="0.35">
  <properties/>
  <testcase name="contextLoads()" classname="com.project.test.TestApplicationTests" time="0.35"/>
  <system-out><![CDATA[23:07:48.570 [Test worker] INFO org.springframework.test.context.support.AnnotationConfigContextLoaderUtils -- Could not detect default configuration classes for test class [com.project.test.TestApplicationTests]: TestApplicationTests does not declare any static, non-private, non-final, nested classes annotated with @Configuration.
23:07:48.621 [Test worker] INFO org.springframework.boot.test.context.SpringBootTestContextBootstrapper -- Found @SpringBootConfiguration com.project.test.TestApplication for test class com.project.test.TestApplicationTests

  .   ____          _            __ _ _
 /\\ / ___'_ __ _ _(_)_ __  __ _ \ \ \ \
( ( )\___ | '_ | '_| | '_ \/ _` | \ \ \ \
 \\/  ___)| |_)| | | | | || (_| |  ) ) ) )
  '  |____| .__|_| |_|_| |_\__, | / / / /
 =========|_|==============|___/=/_/_/_/
 :: Spring Boot ::                (v3.1.0)

2023-06-01T23:07:48.845-03:00  INFO 71169 --- [    Test worker] com.project.test.TestApplicationTests    : Starting TestApplicationTests using Java 17.0.7 with PID 71169 (started by kylix in /home/kylix/Tests/accenture/backend)
2023-06-01T23:07:48.846-03:00  INFO 71169 --- [    Test worker] com.project.test.TestApplicationTests    : No active profile set, falling back to 1 default profile: "default"
2023-06-01T23:07:49.149-03:00  INFO 71169 --- [    Test worker] .s.d.r.c.RepositoryConfigurationDelegate : Bootstrapping Spring Data JPA repositories in DEFAULT mode.
2023-06-01T23:07:49.179-03:00  INFO 71169 --- [    Test worker] .s.d.r.c.RepositoryConfigurationDelegate : Finished Spring Data repository scanning in 25 ms. Found 2 JPA repository interfaces.
2023-06-01T23:07:49.421-03:00  INFO 71169 --- [    Test worker] o.hibernate.jpa.internal.util.LogHelper  : HHH000204: Processing PersistenceUnitInfo [name: default]
2023-06-01T23:07:49.445-03:00  INFO 71169 --- [    Test worker] org.hibernate.Version                    : HHH000412: Hibernate ORM core version 6.2.2.Final
2023-06-01T23:07:49.447-03:00  INFO 71169 --- [    Test worker] org.hibernate.cfg.Environment            : HHH000406: Using bytecode reflection optimizer
2023-06-01T23:07:49.512-03:00  INFO 71169 --- [    Test worker] o.h.b.i.BytecodeProviderInitiator        : HHH000021: Bytecode provider name : bytebuddy
2023-06-01T23:07:49.579-03:00  INFO 71169 --- [    Test worker] o.s.o.j.p.SpringPersistenceUnitInfo      : No LoadTimeWeaver setup: ignoring JPA class transformer
2023-06-01T23:07:49.589-03:00  INFO 71169 --- [    Test worker] com.zaxxer.hikari.HikariDataSource       : HikariPool-1 - Starting...
2023-06-01T23:07:49.801-03:00  INFO 71169 --- [    Test worker] com.zaxxer.hikari.pool.HikariPool        : HikariPool-1 - Added connection com.mysql.cj.jdbc.ConnectionImpl@126a9a3d
2023-06-01T23:07:49.803-03:00  INFO 71169 --- [    Test worker] com.zaxxer.hikari.HikariDataSource       : HikariPool-1 - Start completed.
2023-06-01T23:07:49.842-03:00  INFO 71169 --- [    Test worker] org.hibernate.orm.dialect                : HHH035001: Using dialect: org.hibernate.dialect.MySQLDialect, version: 8.0.33
2023-06-01T23:07:49.965-03:00  INFO 71169 --- [    Test worker] o.h.b.i.BytecodeProviderInitiator        : HHH000021: Bytecode provider name : bytebuddy
2023-06-01T23:07:50.324-03:00  INFO 71169 --- [    Test worker] o.h.e.t.j.p.i.JtaPlatformInitiator       : HHH000490: Using JtaPlatform implementation: [org.hibernate.engine.transaction.jta.platform.internal.NoJtaPlatform]
2023-06-01T23:07:50.369-03:00  INFO 71169 --- [    Test worker] j.LocalContainerEntityManagerFactoryBean : Initialized JPA EntityManagerFactory for persistence unit 'default'
2023-06-01T23:07:50.606-03:00  WARN 71169 --- [    Test worker] JpaBaseConfiguration$JpaWebConfiguration : spring.jpa.open-in-view is enabled by default. Therefore, database queries may be performed during view rendering. Explicitly configure spring.jpa.open-in-view to disable this warning
2023-06-01T23:07:50.808-03:00  INFO 71169 --- [    Test worker] com.project.test.TestApplicationTests    : Started TestApplicationTests in 2.095 seconds (process running for 2.725)
]]></system-out>
  <system-err><![CDATA[]]></system-err>
</testsuite>
